Using pre-set license
Built from '2020.3/staging' branch; Version is '2020.3.4f1 (0abb6314276a) revision 703331'; Using compiler version '192528614'; Build Type 'Release'
OS: 'Windows 10 Home; OS build 22621.963; Version 2009; 64bit' Language: 'ko' Physical Memory: 16057 MB
BatchMode: 1, IsHumanControllingUs: 0, StartBugReporterOnCrash: 0, Is64bit: 1, IsPro: 0

 COMMAND LINE ARGUMENTS:
C:\Program Files\Unity\Hub\Editor\2020.3.4f1\Editor\Unity.exe
-adb2
-batchMode
-noUpm
-name
AssetImportWorker0
-projectPath
C:/Users/whdan/UnityProjects/Historush_Final
-logFile
Logs/AssetImportWorker0.log
-srvPort
1242
Successfully changed project path to: C:/Users/whdan/UnityProjects/Historush_Final
C:/Users/whdan/UnityProjects/Historush_Final
Using Asset Import Pipeline V2.
Refreshing native plugins compatible for Editor in 33.62 ms, found 1 plugins.
Preloading 0 native plugins for Editor in 0.00 ms.
Initialize engine version: 2020.3.4f1 (0abb6314276a)
[Subsystems] Discovering subsystems at path C:/Program Files/Unity/Hub/Editor/2020.3.4f1/Editor/Data/Resources/UnitySubsystems
[Subsystems] Discovering subsystems at path C:/Users/whdan/UnityProjects/Historush_Final/Assets
GfxDevice: creating device client; threaded=0
Direct3D:
    Version:  Direct3D 11.0 [level 11.1]
    Renderer: Intel(R) Iris(R) Xe Graphics (ID=0x9a49)
    Vendor:   
    VRAM:     8028 MB
    Driver:   30.0.101.2079
Initialize mono
Mono path[0] = 'C:/Program Files/Unity/Hub/Editor/2020.3.4f1/Editor/Data/Managed'
Mono path[1] = 'C:/Program Files/Unity/Hub/Editor/2020.3.4f1/Editor/Data/MonoBleedingEdge/lib/mono/unityjit'
Mono config path = 'C:/Program Files/Unity/Hub/Editor/2020.3.4f1/Editor/Data/MonoBleedingEdge/etc'
Using monoOptions --debugger-agent=transport=dt_socket,embedding=1,server=y,suspend=n,address=127.0.0.1:56600
Begin MonoManager ReloadAssembly
Registering precompiled unity dll's ...
Register platform support module: C:/Program Files/Unity/Hub/Editor/2020.3.4f1/Editor/Data/PlaybackEngines/WindowsStandaloneSupport/UnityEditor.WindowsStandalone.Extensions.dll
Registered in 0.001155 seconds.
Native extension for WindowsStandalone target not found
Refreshing native plugins compatible for Editor in 29.57 ms, found 1 plugins.
Preloading 0 native plugins for Editor in 0.00 ms.
Mono: successfully reloaded assembly
- Completed reload, in  1.815 seconds
Platform modules already initialized, skipping
Registering precompiled user dll's ...
Registered in 0.000895 seconds.
Begin MonoManager ReloadAssembly
Native extension for WindowsStandalone target not found
Refreshing native plugins compatible for Editor in 32.12 ms, found 1 plugins.
Preloading 0 native plugins for Editor in 0.00 ms.
Mono: successfully reloaded assembly
- Completed reload, in  0.777 seconds
Platform modules already initialized, skipping
========================================================================
Worker process is ready to serve import requests
Launched and connected shader compiler UnityShaderCompiler.exe after 0.06 seconds
Refreshing native plugins compatible for Editor in 0.54 ms, found 1 plugins.
Preloading 0 native plugins for Editor in 0.00 ms.
Unloading 1763 Unused Serialized files (Serialized files now loaded: 0)
System memory in use before: 88.4 MB.
System memory in use after: 88.4 MB.

Unloading 23 unused Assets to reduce memory usage. Loaded Objects now: 2207.
Total: 2.753700 ms (FindLiveObjects: 0.255300 ms CreateObjectMapping: 0.070400 ms MarkObjects: 2.255600 ms  DeleteObjects: 0.170000 ms)

========================================================================
Received Import Request.
  path: Assets/durumari2.png
  artifactKey: Guid(0ac9ca9feeba9fb458c60f3fd47b9788) Importer(815301076,1909f56bfc062723c751e8b465ee728b)
Start importing Assets/durumari2.png using Guid(0ac9ca9feeba9fb458c60f3fd47b9788) Importer(815301076,1909f56bfc062723c751e8b465ee728b)  -> (artifact id: '9d0e27d48718bac527b613f8f459f265') in 0.102775 seconds
  Import took 0.106465 seconds .

========================================================================
Received Import Request.
  Time since last request: 13.463812 seconds.
  path: Assets/durumari2.png
  artifactKey: Guid(0ac9ca9feeba9fb458c60f3fd47b9788) Importer(815301076,1909f56bfc062723c751e8b465ee728b)
Start importing Assets/durumari2.png using Guid(0ac9ca9feeba9fb458c60f3fd47b9788) Importer(815301076,1909f56bfc062723c751e8b465ee728b)  -> (artifact id: '35c6acc729eec8f6d39c8c4269bdebee') in 0.019417 seconds
  Import took 0.022798 seconds .

========================================================================
Received Import Request.
  Time since last request: 0.000733 seconds.
  path: Assets/durumari2.png
  artifactKey: Guid(0ac9ca9feeba9fb458c60f3fd47b9788) Importer(815301076,1909f56bfc062723c751e8b465ee728b)
Start importing Assets/durumari2.png using Guid(0ac9ca9feeba9fb458c60f3fd47b9788) Importer(815301076,1909f56bfc062723c751e8b465ee728b)  -> (artifact id: '35c6acc729eec8f6d39c8c4269bdebee') in 0.017612 seconds
  Import took 0.021217 seconds .

========================================================================
Received Import Request.
  Time since last request: 31.972096 seconds.
  path: Assets/durumari2.png
  artifactKey: Guid(0ac9ca9feeba9fb458c60f3fd47b9788) Importer(815301076,1909f56bfc062723c751e8b465ee728b)
Start importing Assets/durumari2.png using Guid(0ac9ca9feeba9fb458c60f3fd47b9788) Importer(815301076,1909f56bfc062723c751e8b465ee728b)  -> (artifact id: 'aee143d3c1c24c45ecd8365baacc05c6') in 0.023549 seconds
  Import took 0.027036 seconds .

========================================================================
Received Import Request.
  Time since last request: 6.147093 seconds.
  path: Assets/durumari2.png
  artifactKey: Guid(0ac9ca9feeba9fb458c60f3fd47b9788) Importer(815301076,1909f56bfc062723c751e8b465ee728b)
Start importing Assets/durumari2.png using Guid(0ac9ca9feeba9fb458c60f3fd47b9788) Importer(815301076,1909f56bfc062723c751e8b465ee728b)  -> (artifact id: '16645e4f7f7b075634a24eb325e24290') in 0.022419 seconds
  Import took 0.025757 seconds .

========================================================================
Received Prepare
Registering precompiled user dll's ...
Registered in 0.001357 seconds.
Begin MonoManager ReloadAssembly
Native extension for WindowsStandalone target not found
Refreshing native plugins compatible for Editor in 0.38 ms, found 1 plugins.
Preloading 0 native plugins for Editor in 0.00 ms.
Mono: successfully reloaded assembly
- Completed reload, in  0.738 seconds
Platform modules already initialized, skipping
Switching build target platform(5) subTarget(0) extendedPlatform(0) -> platform(13) subTarget(537395200) extendedPlatform(0)
Refreshing native plugins compatible for Editor in 0.30 ms, found 1 plugins.
Preloading 0 native plugins for Editor in 0.00 ms.
Unloading 1747 Unused Serialized files (Serialized files now loaded: 0)
System memory in use before: 90.0 MB.
System memory in use after: 90.0 MB.

Unloading 11 unused Assets to reduce memory usage. Loaded Objects now: 2219.
Total: 2.167400 ms (FindLiveObjects: 0.210800 ms CreateObjectMapping: 0.042600 ms MarkObjects: 1.774500 ms  DeleteObjects: 0.137800 ms)

AssetImportParameters requested are different than current active one (requested -> active):
  custom:graphics/normal-map-encoding: 01000000000000000000000000000000 -> 02000000000000000000000000000000
========================================================================
Received Import Request.
  Time since last request: 150.872291 seconds.
  path: Assets/Prefabs/Boss_KingSeJong.prefab
  artifactKey: Guid(8e136a114fd778949b0e7cb2f73aefd8) Importer(815301076,1909f56bfc062723c751e8b465ee728b)
Start importing Assets/Prefabs/Boss_KingSeJong.prefab using Guid(8e136a114fd778949b0e7cb2f73aefd8) Importer(815301076,1909f56bfc062723c751e8b465ee728b)  -> (artifact id: '42644975e60a604a8c39931dba6e796b') in 0.080893 seconds
  Import took 0.084484 seconds .

========================================================================
Received Import Request.
  Time since last request: 1.105450 seconds.
  path: Assets/Prefabs/Boss_KingSeJong.prefab
  artifactKey: Guid(8e136a114fd778949b0e7cb2f73aefd8) Importer(815301076,1909f56bfc062723c751e8b465ee728b)
Start importing Assets/Prefabs/Boss_KingSeJong.prefab using Guid(8e136a114fd778949b0e7cb2f73aefd8) Importer(815301076,1909f56bfc062723c751e8b465ee728b)  -> (artifact id: 'c49245d35ec4f8cba9242820b6a9cfb7') in 0.022663 seconds
  Import took 0.028218 seconds .

========================================================================
Received Prepare
Registering precompiled user dll's ...
Registered in 0.000920 seconds.
Begin MonoManager ReloadAssembly
Native extension for WindowsStandalone target not found
Refreshing native plugins compatible for Editor in 0.30 ms, found 1 plugins.
Preloading 0 native plugins for Editor in 0.00 ms.
Mono: successfully reloaded assembly
- Completed reload, in  0.790 seconds
Platform modules already initialized, skipping
Switching build target platform(5) subTarget(0) extendedPlatform(0) -> platform(13) subTarget(537395200) extendedPlatform(0)
Refreshing native plugins compatible for Editor in 0.30 ms, found 1 plugins.
Preloading 0 native plugins for Editor in 0.00 ms.
Unloading 1747 Unused Serialized files (Serialized files now loaded: 0)
System memory in use before: 90.1 MB.
System memory in use after: 90.1 MB.

Unloading 11 unused Assets to reduce memory usage. Loaded Objects now: 2228.
Total: 2.554400 ms (FindLiveObjects: 0.172900 ms CreateObjectMapping: 0.062800 ms MarkObjects: 2.189200 ms  DeleteObjects: 0.128300 ms)

AssetImportParameters requested are different than current active one (requested -> active):
  custom:graphics/normal-map-encoding: 01000000000000000000000000000000 -> 02000000000000000000000000000000
AssetImportWorkerClient::OnTransportError - code=2 error=End of file
